<?xml version="1.0" encoding="UTF-8"?>
<testsuites tests="2" failures="2" disabled="0" errors="0" timestamp="2016-12-01T16:06:12" time="0" name="AllTests">
  <testsuite name="SquareRootTest" tests="2" failures="2" disabled="0" errors="0" time="0">
    <testcase name="PositiveNos" status="run" time="0" classname="SquareRootTest">
      <failure message="example.cc:7&#x0A;      Expected: 50.3321&#x0A;To be equal to: sqrt(2533.310224)&#x0A;      Which is: 50.332" type=""><![CDATA[example.cc:7
      Expected: 50.3321
To be equal to: sqrt(2533.310224)
      Which is: 50.332]]></failure>
    </testcase>
    <testcase name="ZeroAndNegativeNos" status="run" time="0" classname="SquareRootTest">
      <failure message="example.cc:12&#x0A;      Expected: -1&#x0A;To be equal to: sqrt(-22.0)&#x0A;      Which is: -nan" type=""><![CDATA[example.cc:12
      Expected: -1
To be equal to: sqrt(-22.0)
      Which is: -nan]]></failure>
    </testcase>
  </testsuite>
</testsuites>
